D:\Cubing\Cubing\Debug\Cubing.Form1.resources
F:\Cubing\Cubing\Debug\Cubing.Form1.resources
F:\Cubing\Cubing\Debug\Cubing.help.resources
D:\Cubing\Cubing\Debug\Cubing.help.resources
D:\CUBING\CUBING\DEBUG\APP.RES
F:\CUBING\CUBING\DEBUG\APP.RES
D:\CUBING\DEBUG\CUBING.EXE
D:\CUBING\DEBUG\CUBING.PDB
F:\CUBING\DEBUG\CUBING.EXE
F:\CUBING\DEBUG\CUBING.PDB
D:\CUBING\CUBING\DEBUG\CUBING.PCH
D:\CUBING\CUBING\DEBUG\STDAFX.OBJ
D:\CUBING\CUBING\DEBUG\VC110.PDB
D:\CUBING\CUBING\DEBUG\CUBING.OBJ
D:\CUBING\CUBING\DEBUG\ASSEMBLYINFO.OBJ
D:\CUBING\CUBING\DEBUG\.NETFRAMEWORK,VERSION=V4.5.ASSEMBLYATTRIBUTES.OBJ
F:\CUBING\CUBING\DEBUG\CUBING.PCH
F:\CUBING\CUBING\DEBUG\STDAFX.OBJ
F:\CUBING\CUBING\DEBUG\VC110.PDB
F:\CUBING\CUBING\DEBUG\HELP.OBJ
F:\CUBING\CUBING\DEBUG\CUBING.OBJ
F:\CUBING\CUBING\DEBUG\ASSEMBLYINFO.OBJ
D:\Cubing\Cubing\Debug\Cubing.vcxproj.GenerateResource.Cache
D:\Cubing\Cubing\Debug\Cubing.vcxprojResolveAssemblyReference.cache
D:\Cubing\Cubing\Debug\AssemblyInfo.obj
D:\Cubing\Cubing\Debug\.NETFramework,Version=v4.5.AssemblyAttributes.obj
D:\Cubing\Cubing\Debug\help.obj
D:\Cubing\Cubing\Debug\stdafx.obj
D:\Cubing\Cubing\Debug\Cubing.obj
D:\Cubing\Cubing\Debug\metagen.read.1.tlog
D:\Cubing\Cubing\Debug\Cubing.write.1.tlog
D:\Cubing\Cubing\Debug\rc.read.1.tlog
D:\Cubing\Cubing\Debug\rc.write.1.tlog
D:\Cubing\Cubing\Debug\rc.command.1.tlog
D:\Cubing\Cubing\Debug\link-cvtres.read.1.tlog
D:\Cubing\Cubing\Debug\link-cvtres.write.1.tlog
D:\Cubing\Cubing\Debug\link.read.1.tlog
D:\Cubing\Cubing\Debug\link.write.1.tlog
D:\Cubing\Cubing\Debug\link.command.1.tlog
D:\Cubing\Cubing\Debug\metagen.write.1.tlog
D:\Cubing\Cubing\Debug\CL.read.1.tlog
D:\Cubing\Cubing\Debug\CL.write.1.tlog
D:\Cubing\Cubing\Debug\cl.command.1.tlog
D:\Cubing\Cubing\Debug\app.res
D:\Cubing\Cubing\Debug\Cubing.pch
D:\Cubing\Cubing\Debug\vc110.pdb
D:\Cubing\Cubing\Debug\TZRES.DLL.bi
D:\Cubing\Cubing\Debug\RSAENH.DLL.bi
D:\Cubing\Debug\Cubing.pdb
D:\Cubing\Debug\Cubing.exe
