F:\CUBING\CUBING\RELEASE\APP.RES
F:\CUBING\RELEASE\CUBING.EXE
F:\CUBING\RELEASE\CUBING.PDB
F:\CUBING\CUBING\RELEASE\CUBING.PCH
F:\CUBING\CUBING\RELEASE\STDAFX.OBJ
F:\CUBING\CUBING\RELEASE\VC110.PDB
F:\CUBING\CUBING\RELEASE\CUBING.OBJ
F:\CUBING\CUBING\RELEASE\ASSEMBLYINFO.OBJ
F:\CUBING\CUBING\RELEASE\.NETFRAMEWORK,VERSION=V4.5.ASSEMBLYATTRIBUTES.OBJ
F:\Cubing\Cubing\Release\Cubing.Form1.resources
䙞尺畃楢杮䍜扵湩屧畃楢杮瘮硣牰橯਍㩆䍜扵湩屧畃楢杮剜汥慥敳䍜扵湩⹧潆浲⸱敲潳牵散൳帊㩆䍜扵湩屧畃楢杮䍜扵湩⹧捶灸潲൪䘊尺畃楢杮䍜扵湩屧敒敬獡履畃楢杮䘮牯ㅭ爮獥畯捲獥਍
F:\Cubing\Cubing\Release\Cubing.vcxproj.GenerateResource.Cache
F:\Cubing\Cubing\Release\Cubing.vcxprojResolveAssemblyReference.cache
F:\Cubing\Cubing\Release\stdafx.obj
F:\Cubing\Cubing\Release\Cubing.obj
F:\Cubing\Cubing\Release\AssemblyInfo.obj
F:\Cubing\Cubing\Release\.NETFramework,Version=v4.5.AssemblyAttributes.obj
F:\Cubing\Cubing\Release\metagen.write.1.tlog
F:\Cubing\Cubing\Release\cl.command.1.tlog
F:\Cubing\Cubing\Release\metagen.read.1.tlog
F:\Cubing\Cubing\Release\rc.command.1.tlog
F:\Cubing\Cubing\Release\link-rc.read.1.tlog
F:\Cubing\Cubing\Release\link-rc.write.1.tlog
F:\Cubing\Cubing\Release\link-cvtres.read.1.tlog
F:\Cubing\Cubing\Release\link-cvtres.write.1.tlog
F:\Cubing\Cubing\Release\link.command.1.tlog
F:\Cubing\Cubing\Release\CL.read.1.tlog
F:\Cubing\Cubing\Release\rc.read.1.tlog
F:\Cubing\Cubing\Release\link.read.1.tlog
F:\Cubing\Cubing\Release\rc.write.1.tlog
F:\Cubing\Cubing\Release\link.write.1.tlog
F:\Cubing\Cubing\Release\CL.write.1.tlog
F:\Cubing\Cubing\Release\Cubing.write.1.tlog
F:\Cubing\Cubing\Release\app.res
F:\Cubing\Cubing\Release\Cubing.pch
F:\Cubing\Cubing\Release\vc110.pdb
F:\Cubing\Cubing\Release\RSAENH.DLL.bi
F:\Cubing\Cubing\Release\TZRES.DLL.bi
F:\Cubing\Release\Cubing.pdb
F:\Cubing\Release\Cubing.exe
